Determining if the pthread_create exist failed with the following output:
Change Dir: /home/varsh/mybot_ws/build/mybot_control/CMakeFiles/CMakeTmp

Run Build Command:"/usr/bin/make" "cmTC_57c44/fast"
/usr/bin/make -f CMakeFiles/cmTC_57c44.dir/build.make CMakeFiles/cmTC_57c44.dir/build
make[1]: Entering directory '/home/varsh/mybot_ws/build/mybot_control/CMakeFiles/CMakeTmp'
Building C object CMakeFiles/cmTC_57c44.dir/CheckSymbolExists.c.o
/usr/bin/cc     -o CMakeFiles/cmTC_57c44.dir/CheckSymbolExists.c.o   -c /home/varsh/mybot_ws/build/mybot_control/CMakeFiles/CMakeTmp/CheckSymbolExists.c
Linking C executable cmTC_57c44
/usr/bin/cmake -E cmake_link_script CMakeFiles/cmTC_57c44.dir/link.txt --verbose=1
/usr/bin/cc       CMakeFiles/cmTC_57c44.dir/CheckSymbolExists.c.o  -o cmTC_57c44 -rdynamic 
CMakeFiles/cmTC_57c44.dir/CheckSymbolExists.c.o: In function `main':
CheckSymbolExists.c:(.text+0x16): undefined reference to `pthread_create'
collect2: error: ld returned 1 exit status
CMakeFiles/cmTC_57c44.dir/build.make:97: recipe for target 'cmTC_57c44' failed
make[1]: *** [cmTC_57c44] Error 1
make[1]: Leaving directory '/home/varsh/mybot_ws/build/mybot_control/CMakeFiles/CMakeTmp'
Makefile:126: recipe for target 'cmTC_57c44/fast' failed
make: *** [cmTC_57c44/fast] Error 2

File /home/varsh/mybot_ws/build/mybot_control/CMakeFiles/CMakeTmp/CheckSymbolExists.c:
/* */
#include <pthread.h>

int main(int argc, char** argv)
{
  (void)argv;
#ifndef pthread_create
  return ((int*)(&pthread_create))[argc];
#else
  (void)argc;
  return 0;
#endif
}

Determining if the function pthread_create exists in the pthreads failed with the following output:
Change Dir: /home/varsh/mybot_ws/build/mybot_control/CMakeFiles/CMakeTmp

Run Build Command:"/usr/bin/make" "cmTC_bf32d/fast"
/usr/bin/make -f CMakeFiles/cmTC_bf32d.dir/build.make CMakeFiles/cmTC_bf32d.dir/build
make[1]: Entering directory '/home/varsh/mybot_ws/build/mybot_control/CMakeFiles/CMakeTmp'
Building C object CMakeFiles/cmTC_bf32d.dir/CheckFunctionExists.c.o
/usr/bin/cc    -DCHECK_FUNCTION_EXISTS=pthread_create   -o CMakeFiles/cmTC_bf32d.dir/CheckFunctionExists.c.o   -c /usr/share/cmake-3.5/Modules/CheckFunctionExists.c
Linking C executable cmTC_bf32d
/usr/bin/cmake -E cmake_link_script CMakeFiles/cmTC_bf32d.dir/link.txt --verbose=1
/usr/bin/cc   -DCHECK_FUNCTION_EXISTS=pthread_create    CMakeFiles/cmTC_bf32d.dir/CheckFunctionExists.c.o  -o cmTC_bf32d -rdynamic -lpthreads 
/usr/bin/ld: cannot find -lpthreads
collect2: error: ld returned 1 exit status
CMakeFiles/cmTC_bf32d.dir/build.make:97: recipe for target 'cmTC_bf32d' failed
make[1]: *** [cmTC_bf32d] Error 1
make[1]: Leaving directory '/home/varsh/mybot_ws/build/mybot_control/CMakeFiles/CMakeTmp'
Makefile:126: recipe for target 'cmTC_bf32d/fast' failed
make: *** [cmTC_bf32d/fast] Error 2


