Determining if the pthread_create exist failed with the following output:
Change Dir: /home/varsh/mybot_ws/build/mybot_description/CMakeFiles/CMakeTmp

Run Build Command:"/usr/bin/make" "cmTC_f2522/fast"
/usr/bin/make -f CMakeFiles/cmTC_f2522.dir/build.make CMakeFiles/cmTC_f2522.dir/build
make[1]: Entering directory '/home/varsh/mybot_ws/build/mybot_description/CMakeFiles/CMakeTmp'
Building C object CMakeFiles/cmTC_f2522.dir/CheckSymbolExists.c.o
/usr/bin/cc     -o CMakeFiles/cmTC_f2522.dir/CheckSymbolExists.c.o   -c /home/varsh/mybot_ws/build/mybot_description/CMakeFiles/CMakeTmp/CheckSymbolExists.c
Linking C executable cmTC_f2522
/usr/bin/cmake -E cmake_link_script CMakeFiles/cmTC_f2522.dir/link.txt --verbose=1
/usr/bin/cc       CMakeFiles/cmTC_f2522.dir/CheckSymbolExists.c.o  -o cmTC_f2522 -rdynamic 
CMakeFiles/cmTC_f2522.dir/CheckSymbolExists.c.o: In function `main':
CheckSymbolExists.c:(.text+0x16): undefined reference to `pthread_create'
collect2: error: ld returned 1 exit status
CMakeFiles/cmTC_f2522.dir/build.make:97: recipe for target 'cmTC_f2522' failed
make[1]: *** [cmTC_f2522] Error 1
make[1]: Leaving directory '/home/varsh/mybot_ws/build/mybot_description/CMakeFiles/CMakeTmp'
Makefile:126: recipe for target 'cmTC_f2522/fast' failed
make: *** [cmTC_f2522/fast] Error 2

File /home/varsh/mybot_ws/build/mybot_description/CMakeFiles/CMakeTmp/CheckSymbolExists.c:
/* */
#include <pthread.h>

int main(int argc, char** argv)
{
  (void)argv;
#ifndef pthread_create
  return ((int*)(&pthread_create))[argc];
#else
  (void)argc;
  return 0;
#endif
}

Determining if the function pthread_create exists in the pthreads failed with the following output:
Change Dir: /home/varsh/mybot_ws/build/mybot_description/CMakeFiles/CMakeTmp

Run Build Command:"/usr/bin/make" "cmTC_8ac9a/fast"
/usr/bin/make -f CMakeFiles/cmTC_8ac9a.dir/build.make CMakeFiles/cmTC_8ac9a.dir/build
make[1]: Entering directory '/home/varsh/mybot_ws/build/mybot_description/CMakeFiles/CMakeTmp'
Building C object CMakeFiles/cmTC_8ac9a.dir/CheckFunctionExists.c.o
/usr/bin/cc    -DCHECK_FUNCTION_EXISTS=pthread_create   -o CMakeFiles/cmTC_8ac9a.dir/CheckFunctionExists.c.o   -c /usr/share/cmake-3.5/Modules/CheckFunctionExists.c
Linking C executable cmTC_8ac9a
/usr/bin/cmake -E cmake_link_script CMakeFiles/cmTC_8ac9a.dir/link.txt --verbose=1
/usr/bin/cc   -DCHECK_FUNCTION_EXISTS=pthread_create    CMakeFiles/cmTC_8ac9a.dir/CheckFunctionExists.c.o  -o cmTC_8ac9a -rdynamic -lpthreads 
/usr/bin/ld: cannot find -lpthreads
collect2: error: ld returned 1 exit status
CMakeFiles/cmTC_8ac9a.dir/build.make:97: recipe for target 'cmTC_8ac9a' failed
make[1]: *** [cmTC_8ac9a] Error 1
make[1]: Leaving directory '/home/varsh/mybot_ws/build/mybot_description/CMakeFiles/CMakeTmp'
Makefile:126: recipe for target 'cmTC_8ac9a/fast' failed
make: *** [cmTC_8ac9a/fast] Error 2


