Symlinking /home/varsh/mybot_ws/devel/lib/robot_pose_ekf/test_robot_pose_ekf
Symlinking /home/varsh/mybot_ws/devel/lib/robot_pose_ekf/robot_pose_ekf
Symlinking /home/varsh/mybot_ws/devel/lib/robot_pose_ekf/test_robot_pose_ekf_zero_covariance
Symlinking /home/varsh/mybot_ws/devel/lib/python2.7/dist-packages/robot_pose_ekf/__init__.py
Symlinking /home/varsh/mybot_ws/devel/lib/python2.7/dist-packages/robot_pose_ekf/srv/_GetStatus.py
Symlinking /home/varsh/mybot_ws/devel/lib/python2.7/dist-packages/robot_pose_ekf/srv/__init__.py
Symlinking /home/varsh/mybot_ws/devel/lib/pkgconfig/robot_pose_ekf.pc
Symlinking /home/varsh/mybot_ws/devel/include/robot_pose_ekf/GetStatusRequest.h
Symlinking /home/varsh/mybot_ws/devel/include/robot_pose_ekf/GetStatusResponse.h
Symlinking /home/varsh/mybot_ws/devel/include/robot_pose_ekf/GetStatus.h
Symlinking /home/varsh/mybot_ws/devel/share/robot_pose_ekf/cmake/robot_pose_ekfConfig.cmake
Symlinking /home/varsh/mybot_ws/devel/share/robot_pose_ekf/cmake/robot_pose_ekf-msg-paths.cmake
Symlinking /home/varsh/mybot_ws/devel/share/robot_pose_ekf/cmake/robot_pose_ekfConfig-version.cmake
Symlinking /home/varsh/mybot_ws/devel/share/robot_pose_ekf/cmake/robot_pose_ekf-msg-extras.cmake
Symlinking /home/varsh/mybot_ws/devel/share/gennodejs/ros/robot_pose_ekf/_index.js
Symlinking /home/varsh/mybot_ws/devel/share/gennodejs/ros/robot_pose_ekf/srv/GetStatus.js
Symlinking /home/varsh/mybot_ws/devel/share/gennodejs/ros/robot_pose_ekf/srv/_index.js
Symlinking /home/varsh/mybot_ws/devel/share/roseus/ros/robot_pose_ekf/manifest.l
Symlinking /home/varsh/mybot_ws/devel/share/roseus/ros/robot_pose_ekf/srv/GetStatus.l
Symlinking /home/varsh/mybot_ws/devel/share/common-lisp/ros/robot_pose_ekf/srv/_package.lisp
Symlinking /home/varsh/mybot_ws/devel/share/common-lisp/ros/robot_pose_ekf/srv/robot_pose_ekf-srv.asd
Symlinking /home/varsh/mybot_ws/devel/share/common-lisp/ros/robot_pose_ekf/srv/GetStatus.lisp
Symlinking /home/varsh/mybot_ws/devel/share/common-lisp/ros/robot_pose_ekf/srv/_package_GetStatus.lisp
