[35m[1mScanning dependencies of target _mybot_description_generate_messages_check_deps_NavigateActionGoal[0m
[35m[1mScanning dependencies of target _mybot_description_generate_messages_check_deps_MapPoint[0m
[  0%] Built target _mybot_description_generate_messages_check_deps_MapPoint
[  0%] Built target _mybot_description_generate_messages_check_deps_NavigateActionGoal
[35m[1mScanning dependencies of target _mybot_description_generate_messages_check_deps_NavigateAction[0m
[35m[1mScanning dependencies of target _mybot_description_generate_messages_check_deps_NavigateResult[0m
[35m[1mScanning dependencies of target _mybot_description_generate_messages_check_deps_NavigateActionFeedback[0m
[  0%] Built target _mybot_description_generate_messages_check_deps_NavigateResult
[  0%] Built target _mybot_description_generate_messages_check_deps_NavigateAction
[35m[1mScanning dependencies of target _mybot_description_generate_messages_check_deps_NavigateFeedback[0m
[  0%] Built target _mybot_description_generate_messages_check_deps_NavigateActionFeedback
[35m[1mScanning dependencies of target _mybot_description_generate_messages_check_deps_NavigateGoal[0m
[35m[1mScanning dependencies of target _mybot_description_generate_messages_check_deps_NavigateActionResult[0m
[  0%] Built target _mybot_description_generate_messages_check_deps_NavigateFeedback
[  0%] Built target _mybot_description_generate_messages_check_deps_NavigateGoal
[35m[1mScanning dependencies of target _mybot_description_generate_messages_check_deps_Map[0m
[35m[1mScanning dependencies of target nav_msgs_generate_messages_cpp[0m
[  0%] Built target _mybot_description_generate_messages_check_deps_NavigateActionResult
[  0%] Built target nav_msgs_generate_messages_cpp
[35m[1mScanning dependencies of target geometry_msgs_generate_messages_cpp[0m
[35m[1mScanning dependencies of target sensor_msgs_generate_messages_cpp[0m
[  0%] Built target geometry_msgs_generate_messages_cpp
[  0%] Built target sensor_msgs_generate_messages_cpp
[35m[1mScanning dependencies of target std_msgs_generate_messages_cpp[0m
[35m[1mScanning dependencies of target actionlib_msgs_generate_messages_cpp[0m
[  0%] Built target _mybot_description_generate_messages_check_deps_Map
[  0%] Built target std_msgs_generate_messages_cpp
[  0%] Built target actionlib_msgs_generate_messages_cpp
[35m[1mScanning dependencies of target _mybot_description_generate_messages_check_deps_Record[0m
[35m[1mScanning dependencies of target actionlib_msgs_generate_messages_nodejs[0m
[35m[1mScanning dependencies of target geometry_msgs_generate_messages_nodejs[0m
[  0%] Built target actionlib_msgs_generate_messages_nodejs
[  0%] Built target geometry_msgs_generate_messages_nodejs
[35m[1mScanning dependencies of target sensor_msgs_generate_messages_nodejs[0m
[35m[1mScanning dependencies of target std_msgs_generate_messages_nodejs[0m
[  0%] Built target sensor_msgs_generate_messages_nodejs
[  0%] Built target std_msgs_generate_messages_nodejs
[  0%] Built target _mybot_description_generate_messages_check_deps_Record
[35m[1mScanning dependencies of target nav_msgs_generate_messages_eus[0m
[35m[1mScanning dependencies of target nav_msgs_generate_messages_nodejs[0m
[35m[1mScanning dependencies of target std_msgs_generate_messages_eus[0m
[  0%] Built target nav_msgs_generate_messages_nodejs
[  0%] Built target nav_msgs_generate_messages_eus
[  0%] Built target std_msgs_generate_messages_eus
[35m[1mScanning dependencies of target actionlib_msgs_generate_messages_eus[0m
[35m[1mScanning dependencies of target geometry_msgs_generate_messages_eus[0m
[35m[1mScanning dependencies of target sensor_msgs_generate_messages_eus[0m
[  0%] Built target geometry_msgs_generate_messages_eus
[  0%] Built target actionlib_msgs_generate_messages_eus
[  0%] Built target sensor_msgs_generate_messages_eus
[35m[1mScanning dependencies of target std_msgs_generate_messages_py[0m
[35m[1mScanning dependencies of target actionlib_msgs_generate_messages_py[0m
[35m[1mScanning dependencies of target nav_msgs_generate_messages_py[0m
[  0%] Built target std_msgs_generate_messages_py
[  0%] Built target actionlib_msgs_generate_messages_py
[  0%] Built target nav_msgs_generate_messages_py
[35m[1mScanning dependencies of target geometry_msgs_generate_messages_py[0m
[35m[1mScanning dependencies of target sensor_msgs_generate_messages_py[0m
[35m[1mScanning dependencies of target std_msgs_generate_messages_lisp[0m
[  0%] Built target geometry_msgs_generate_messages_py
[  0%] Built target sensor_msgs_generate_messages_py
[35m[1mScanning dependencies of target geometry_msgs_generate_messages_lisp[0m
[  0%] Built target std_msgs_generate_messages_lisp
[35m[1mScanning dependencies of target actionlib_msgs_generate_messages_lisp[0m
[  0%] Built target geometry_msgs_generate_messages_lisp
[  0%] Built target actionlib_msgs_generate_messages_lisp
[35m[1mScanning dependencies of target sensor_msgs_generate_messages_lisp[0m
[35m[1mScanning dependencies of target nav_msgs_generate_messages_lisp[0m
[  0%] Built target sensor_msgs_generate_messages_lisp
[35m[1mScanning dependencies of target mybot_description_generate_messages_cpp[0m
[  0%] Built target nav_msgs_generate_messages_lisp
[35m[1mScanning dependencies of target mybot_description_generate_messages_nodejs[0m
[  1%] [34m[1mGenerating C++ code from mybot_description/Record.msg[0m
[35m[1mScanning dependencies of target mybot_description_generate_messages_eus[0m
[  3%] [34m[1mGenerating Javascript code from mybot_description/Record.msg[0m
[  5%] [34m[1mGenerating EusLisp code from mybot_description/Record.msg[0m
[  7%] [34m[1mGenerating Javascript code from mybot_description/NavigateActionResult.msg[0m
[  9%] [34m[1mGenerating EusLisp code from mybot_description/NavigateActionResult.msg[0m
[ 11%] [34m[1mGenerating Javascript code from mybot_description/MapPoint.msg[0m
[ 13%] [34m[1mGenerating C++ code from mybot_description/NavigateActionResult.msg[0m
[ 15%] [34m[1mGenerating EusLisp code from mybot_description/MapPoint.msg[0m
[ 17%] [34m[1mGenerating Javascript code from mybot_description/NavigateResult.msg[0m
[ 19%] [34m[1mGenerating Javascript code from mybot_description/Map.msg[0m
[ 21%] [34m[1mGenerating EusLisp code from mybot_description/NavigateResult.msg[0m
[ 23%] [34m[1mGenerating C++ code from mybot_description/MapPoint.msg[0m
[ 25%] [34m[1mGenerating EusLisp code from mybot_description/Map.msg[0m
[ 26%] [34m[1mGenerating Javascript code from mybot_description/NavigateActionFeedback.msg[0m
[ 28%] [34m[1mGenerating EusLisp code from mybot_description/NavigateActionFeedback.msg[0m
[ 30%] [34m[1mGenerating C++ code from mybot_description/NavigateResult.msg[0m
[ 32%] [34m[1mGenerating EusLisp code from mybot_description/NavigateAction.msg[0m
[ 34%] [34m[1mGenerating Javascript code from mybot_description/NavigateAction.msg[0m
[ 36%] [34m[1mGenerating Javascript code from mybot_description/NavigateGoal.msg[0m
[ 38%] [34m[1mGenerating EusLisp code from mybot_description/NavigateGoal.msg[0m
[ 40%] [34m[1mGenerating Javascript code from mybot_description/NavigateActionGoal.msg[0m
[ 42%] [34m[1mGenerating EusLisp code from mybot_description/NavigateActionGoal.msg[0m
[ 44%] [34m[1mGenerating C++ code from mybot_description/Map.msg[0m
[ 46%] [34m[1mGenerating Javascript code from mybot_description/NavigateFeedback.msg[0m
[ 48%] [34m[1mGenerating EusLisp code from mybot_description/NavigateFeedback.msg[0m
[ 48%] Built target mybot_description_generate_messages_nodejs
[35m[1mScanning dependencies of target mybot_description_generate_messages_py[0m
[ 50%] [34m[1mGenerating Python from MSG mybot_description/Record[0m
[ 51%] [34m[1mGenerating EusLisp manifest code for mybot_description[0m
[ 53%] [34m[1mGenerating C++ code from mybot_description/NavigateActionFeedback.msg[0m
[ 55%] [34m[1mGenerating Python from MSG mybot_description/NavigateActionResult[0m
[ 57%] [34m[1mGenerating C++ code from mybot_description/NavigateAction.msg[0m
[ 59%] [34m[1mGenerating Python from MSG mybot_description/MapPoint[0m
[ 61%] [34m[1mGenerating Python from MSG mybot_description/NavigateResult[0m
[ 63%] [34m[1mGenerating C++ code from mybot_description/NavigateGoal.msg[0m
[ 65%] [34m[1mGenerating Python from MSG mybot_description/Map[0m
[ 67%] [34m[1mGenerating C++ code from mybot_description/NavigateActionGoal.msg[0m
[ 69%] [34m[1mGenerating Python from MSG mybot_description/NavigateActionFeedback[0m
[ 71%] [34m[1mGenerating C++ code from mybot_description/NavigateFeedback.msg[0m
[ 73%] [34m[1mGenerating Python from MSG mybot_description/NavigateAction[0m
[ 73%] Built target mybot_description_generate_messages_cpp
[ 75%] [34m[1mGenerating Python from MSG mybot_description/NavigateGoal[0m
[35m[1mScanning dependencies of target mybot_description_generate_messages_lisp[0m
[ 76%] [34m[1mGenerating Lisp code from mybot_description/Record.msg[0m
[ 78%] [34m[1mGenerating Lisp code from mybot_description/NavigateActionResult.msg[0m
[ 80%] [34m[1mGenerating Python from MSG mybot_description/NavigateActionGoal[0m
[ 82%] [34m[1mGenerating Lisp code from mybot_description/MapPoint.msg[0m
[ 84%] [34m[1mGenerating Python from MSG mybot_description/NavigateFeedback[0m
[ 86%] [34m[1mGenerating Lisp code from mybot_description/NavigateResult.msg[0m
[ 88%] [34m[1mGenerating Python msg __init__.py for mybot_description[0m
[ 90%] [34m[1mGenerating Lisp code from mybot_description/Map.msg[0m
[ 92%] [34m[1mGenerating Lisp code from mybot_description/NavigateActionFeedback.msg[0m
[ 92%] Built target mybot_description_generate_messages_py
[ 94%] [34m[1mGenerating Lisp code from mybot_description/NavigateAction.msg[0m
[ 96%] [34m[1mGenerating Lisp code from mybot_description/NavigateGoal.msg[0m
[ 98%] [34m[1mGenerating Lisp code from mybot_description/NavigateActionGoal.msg[0m
[100%] [34m[1mGenerating Lisp code from mybot_description/NavigateFeedback.msg[0m
[100%] Built target mybot_description_generate_messages_lisp
[100%] Built target mybot_description_generate_messages_eus
[35m[1mScanning dependencies of target mybot_description_generate_messages[0m
[100%] Built target mybot_description_generate_messages
