[  0%] Built target _mybot_description_generate_messages_check_deps_MapPoint
[  0%] Built target _mybot_description_generate_messages_check_deps_NavigateActionGoal
[  0%] Built target _mybot_description_generate_messages_check_deps_NavigateResult
[  0%] Built target _mybot_description_generate_messages_check_deps_NavigateAction
[  0%] Built target _mybot_description_generate_messages_check_deps_NavigateActionFeedback
[  0%] Built target _mybot_description_generate_messages_check_deps_NavigateFeedback
[  0%] Built target _mybot_description_generate_messages_check_deps_NavigateGoal
[  0%] Built target _mybot_description_generate_messages_check_deps_NavigateActionResult
[  0%] Built target _mybot_description_generate_messages_check_deps_Map
[  0%] Built target nav_msgs_generate_messages_cpp
[  0%] Built target geometry_msgs_generate_messages_cpp
[  0%] Built target sensor_msgs_generate_messages_cpp
[  0%] Built target std_msgs_generate_messages_cpp
[  0%] Built target actionlib_msgs_generate_messages_cpp
[  0%] Built target actionlib_msgs_generate_messages_nodejs
[  0%] Built target geometry_msgs_generate_messages_nodejs
[  0%] Built target _mybot_description_generate_messages_check_deps_Record
[  0%] Built target sensor_msgs_generate_messages_nodejs
[  0%] Built target std_msgs_generate_messages_nodejs
[  0%] Built target nav_msgs_generate_messages_nodejs
[  0%] Built target nav_msgs_generate_messages_eus
[  0%] Built target std_msgs_generate_messages_eus
[  0%] Built target geometry_msgs_generate_messages_eus
[  0%] Built target actionlib_msgs_generate_messages_eus
[  0%] Built target sensor_msgs_generate_messages_eus
[  0%] Built target actionlib_msgs_generate_messages_py
[  0%] Built target std_msgs_generate_messages_py
[  0%] Built target nav_msgs_generate_messages_py
[  0%] Built target geometry_msgs_generate_messages_py
[  0%] Built target sensor_msgs_generate_messages_py
[  0%] Built target std_msgs_generate_messages_lisp
[  0%] Built target geometry_msgs_generate_messages_lisp
[  0%] Built target actionlib_msgs_generate_messages_lisp
[  0%] Built target sensor_msgs_generate_messages_lisp
[  0%] Built target nav_msgs_generate_messages_lisp
[ 19%] Built target mybot_description_generate_messages_cpp
[ 38%] Built target mybot_description_generate_messages_nodejs
[ 59%] Built target mybot_description_generate_messages_eus
[ 80%] Built target mybot_description_generate_messages_py
[100%] Built target mybot_description_generate_messages_lisp
[100%] Built target mybot_description_generate_messages
