[  0%] Built target _mybot_description_generate_messages_check_deps_NavigateActionGoal
[  0%] Built target _mybot_description_generate_messages_check_deps_MapPoint
[  0%] Built target _mybot_description_generate_messages_check_deps_NavigateResult
[  0%] Built target _mybot_description_generate_messages_check_deps_NavigateAction
[  0%] Built target _mybot_description_generate_messages_check_deps_NavigateActionFeedback
[  0%] Built target _mybot_description_generate_messages_check_deps_NavigateFeedback
[  0%] Built target _mybot_description_generate_messages_check_deps_NavigateGoal
[  0%] Built target nav_msgs_generate_messages_cpp
[  0%] Built target _mybot_description_generate_messages_check_deps_NavigateActionResult
[  0%] Built target geometry_msgs_generate_messages_cpp
[  0%] Built target _mybot_description_generate_messages_check_deps_Map
[  0%] Built target sensor_msgs_generate_messages_cpp
[  0%] Built target std_msgs_generate_messages_cpp
[  0%] Built target actionlib_msgs_generate_messages_cpp
[  0%] Built target actionlib_msgs_generate_messages_nodejs
[  0%] Built target geometry_msgs_generate_messages_nodejs
[  0%] Built target _mybot_description_generate_messages_check_deps_Record
[  0%] Built target sensor_msgs_generate_messages_nodejs
[  0%] Built target std_msgs_generate_messages_nodejs
[  0%] Built target nav_msgs_generate_messages_nodejs
[  0%] Built target nav_msgs_generate_messages_eus
[  0%] Built target std_msgs_generate_messages_eus
[  0%] Built target geometry_msgs_generate_messages_eus
[  0%] Built target actionlib_msgs_generate_messages_eus
[  0%] Built target sensor_msgs_generate_messages_eus
[  0%] Built target actionlib_msgs_generate_messages_py
[  0%] Built target std_msgs_generate_messages_py
[  0%] Built target nav_msgs_generate_messages_py
[  0%] Built target geometry_msgs_generate_messages_py
[  0%] Built target sensor_msgs_generate_messages_py
[  0%] Built target geometry_msgs_generate_messages_lisp
[  0%] Built target std_msgs_generate_messages_lisp
[  0%] Built target actionlib_msgs_generate_messages_lisp
[  0%] Built target sensor_msgs_generate_messages_lisp
[  0%] Built target nav_msgs_generate_messages_lisp
[  1%] [34m[1mGenerating C++ code from mybot_description/NavigateActionResult.msg[0m
[  3%] [34m[1mGenerating Javascript code from mybot_description/NavigateActionResult.msg[0m
[  5%] [34m[1mGenerating EusLisp code from mybot_description/NavigateActionResult.msg[0m
[  7%] [34m[1mGenerating Python from MSG mybot_description/NavigateActionResult[0m
[  9%] [34m[1mGenerating Javascript code from mybot_description/NavigateResult.msg[0m
[ 11%] [34m[1mGenerating EusLisp code from mybot_description/NavigateResult.msg[0m
[ 13%] [34m[1mGenerating Javascript code from mybot_description/NavigateActionFeedback.msg[0m
[ 17%] [34m[1mGenerating EusLisp code from mybot_description/NavigateActionFeedback.msg[0m
[ 17%] [34m[1mGenerating Python from MSG mybot_description/NavigateResult[0m
[ 19%] [34m[1mGenerating Javascript code from mybot_description/NavigateAction.msg[0m
[ 21%] [34m[1mGenerating C++ code from mybot_description/NavigateResult.msg[0m
[ 23%] [34m[1mGenerating EusLisp code from mybot_description/NavigateAction.msg[0m
[ 25%] [34m[1mGenerating Javascript code from mybot_description/NavigateGoal.msg[0m
[ 26%] [34m[1mGenerating Python from MSG mybot_description/NavigateActionFeedback[0m
[ 28%] [34m[1mGenerating Javascript code from mybot_description/NavigateActionGoal.msg[0m
[ 30%] [34m[1mGenerating EusLisp code from mybot_description/NavigateGoal.msg[0m
[ 32%] [34m[1mGenerating C++ code from mybot_description/NavigateActionFeedback.msg[0m
[ 34%] [34m[1mGenerating Javascript code from mybot_description/NavigateFeedback.msg[0m
[ 36%] [34m[1mGenerating EusLisp code from mybot_description/NavigateActionGoal.msg[0m
[ 38%] [34m[1mGenerating Python from MSG mybot_description/NavigateAction[0m
[ 44%] Built target mybot_description_generate_messages_nodejs
[ 46%] [34m[1mGenerating Lisp code from mybot_description/NavigateActionResult.msg[0m
[ 48%] [34m[1mGenerating EusLisp code from mybot_description/NavigateFeedback.msg[0m
[ 50%] [34m[1mGenerating Lisp code from mybot_description/NavigateResult.msg[0m
[ 51%] [34m[1mGenerating C++ code from mybot_description/NavigateAction.msg[0m
[ 53%] [34m[1mGenerating Python from MSG mybot_description/NavigateGoal[0m
[ 61%] Built target mybot_description_generate_messages_eus
[ 63%] [34m[1mGenerating Lisp code from mybot_description/NavigateActionFeedback.msg[0m
[ 65%] [34m[1mGenerating Python from MSG mybot_description/NavigateActionGoal[0m
[ 67%] [34m[1mGenerating Lisp code from mybot_description/NavigateAction.msg[0m
[ 69%] [34m[1mGenerating Lisp code from mybot_description/NavigateGoal.msg[0m
[ 71%] [34m[1mGenerating Python from MSG mybot_description/NavigateFeedback[0m
[ 73%] [34m[1mGenerating Lisp code from mybot_description/NavigateActionGoal.msg[0m
[ 75%] [34m[1mGenerating C++ code from mybot_description/NavigateGoal.msg[0m
[ 76%] [34m[1mGenerating C++ code from mybot_description/NavigateActionGoal.msg[0m
[ 78%] [34m[1mGenerating Lisp code from mybot_description/NavigateFeedback.msg[0m
[ 80%] [34m[1mGenerating Python msg __init__.py for mybot_description[0m
[ 86%] Built target mybot_description_generate_messages_lisp
[ 88%] [34m[1mGenerating C++ code from mybot_description/NavigateFeedback.msg[0m
[ 94%] Built target mybot_description_generate_messages_py
[100%] Built target mybot_description_generate_messages_cpp
[100%] Built target mybot_description_generate_messages
