Symlinking /home/varsh/mybot_ws/devel/lib/python2.7/dist-packages/mybot_description/__init__.py
Symlinking /home/varsh/mybot_ws/devel/lib/python2.7/dist-packages/mybot_description/msg/_MapPoint.py
Symlinking /home/varsh/mybot_ws/devel/lib/python2.7/dist-packages/mybot_description/msg/_Record.py
Symlinking /home/varsh/mybot_ws/devel/lib/python2.7/dist-packages/mybot_description/msg/_NavigateGoal.py
Symlinking /home/varsh/mybot_ws/devel/lib/python2.7/dist-packages/mybot_description/msg/_NavigateAction.py
Symlinking /home/varsh/mybot_ws/devel/lib/python2.7/dist-packages/mybot_description/msg/_NavigateFeedback.py
Symlinking /home/varsh/mybot_ws/devel/lib/python2.7/dist-packages/mybot_description/msg/_NavigateActionGoal.py
Symlinking /home/varsh/mybot_ws/devel/lib/python2.7/dist-packages/mybot_description/msg/_Map.py
Symlinking /home/varsh/mybot_ws/devel/lib/python2.7/dist-packages/mybot_description/msg/__init__.py
Symlinking /home/varsh/mybot_ws/devel/lib/python2.7/dist-packages/mybot_description/msg/_NavigateResult.py
Symlinking /home/varsh/mybot_ws/devel/lib/python2.7/dist-packages/mybot_description/msg/_NavigateActionResult.py
Symlinking /home/varsh/mybot_ws/devel/lib/python2.7/dist-packages/mybot_description/msg/_NavigateActionFeedback.py
Symlinking /home/varsh/mybot_ws/devel/lib/pkgconfig/mybot_description.pc
Symlinking /home/varsh/mybot_ws/devel/include/mybot_description/Record.h
Symlinking /home/varsh/mybot_ws/devel/include/mybot_description/NavigateAction.h
Symlinking /home/varsh/mybot_ws/devel/include/mybot_description/NavigateResult.h
Symlinking /home/varsh/mybot_ws/devel/include/mybot_description/NavigateActionResult.h
Symlinking /home/varsh/mybot_ws/devel/include/mybot_description/Map.h
Symlinking /home/varsh/mybot_ws/devel/include/mybot_description/NavigateFeedback.h
Symlinking /home/varsh/mybot_ws/devel/include/mybot_description/MapPoint.h
Symlinking /home/varsh/mybot_ws/devel/include/mybot_description/NavigateActionFeedback.h
Symlinking /home/varsh/mybot_ws/devel/include/mybot_description/NavigateGoal.h
Symlinking /home/varsh/mybot_ws/devel/include/mybot_description/NavigateActionGoal.h
Symlinking /home/varsh/mybot_ws/devel/share/gennodejs/ros/mybot_description/_index.js
Symlinking /home/varsh/mybot_ws/devel/share/gennodejs/ros/mybot_description/msg/NavigateActionGoal.js
Symlinking /home/varsh/mybot_ws/devel/share/gennodejs/ros/mybot_description/msg/NavigateActionFeedback.js
Symlinking /home/varsh/mybot_ws/devel/share/gennodejs/ros/mybot_description/msg/NavigateAction.js
Symlinking /home/varsh/mybot_ws/devel/share/gennodejs/ros/mybot_description/msg/Map.js
Symlinking /home/varsh/mybot_ws/devel/share/gennodejs/ros/mybot_description/msg/NavigateActionResult.js
Symlinking /home/varsh/mybot_ws/devel/share/gennodejs/ros/mybot_description/msg/_index.js
Symlinking /home/varsh/mybot_ws/devel/share/gennodejs/ros/mybot_description/msg/NavigateResult.js
Symlinking /home/varsh/mybot_ws/devel/share/gennodejs/ros/mybot_description/msg/NavigateGoal.js
Symlinking /home/varsh/mybot_ws/devel/share/gennodejs/ros/mybot_description/msg/NavigateFeedback.js
Symlinking /home/varsh/mybot_ws/devel/share/gennodejs/ros/mybot_description/msg/MapPoint.js
Symlinking /home/varsh/mybot_ws/devel/share/gennodejs/ros/mybot_description/msg/Record.js
Symlinking /home/varsh/mybot_ws/devel/share/roseus/ros/mybot_description/manifest.l
Symlinking /home/varsh/mybot_ws/devel/share/roseus/ros/mybot_description/msg/MapPoint.l
Symlinking /home/varsh/mybot_ws/devel/share/roseus/ros/mybot_description/msg/NavigateActionGoal.l
Symlinking /home/varsh/mybot_ws/devel/share/roseus/ros/mybot_description/msg/NavigateActionResult.l
Symlinking /home/varsh/mybot_ws/devel/share/roseus/ros/mybot_description/msg/NavigateFeedback.l
Symlinking /home/varsh/mybot_ws/devel/share/roseus/ros/mybot_description/msg/NavigateActionFeedback.l
Symlinking /home/varsh/mybot_ws/devel/share/roseus/ros/mybot_description/msg/NavigateResult.l
Symlinking /home/varsh/mybot_ws/devel/share/roseus/ros/mybot_description/msg/NavigateAction.l
Symlinking /home/varsh/mybot_ws/devel/share/roseus/ros/mybot_description/msg/Record.l
Symlinking /home/varsh/mybot_ws/devel/share/roseus/ros/mybot_description/msg/Map.l
Symlinking /home/varsh/mybot_ws/devel/share/roseus/ros/mybot_description/msg/NavigateGoal.l
Symlinking /home/varsh/mybot_ws/devel/share/common-lisp/ros/mybot_description/msg/_package.lisp
Symlinking /home/varsh/mybot_ws/devel/share/common-lisp/ros/mybot_description/msg/NavigateActionGoal.lisp
Symlinking /home/varsh/mybot_ws/devel/share/common-lisp/ros/mybot_description/msg/_package_NavigateAction.lisp
Symlinking /home/varsh/mybot_ws/devel/share/common-lisp/ros/mybot_description/msg/MapPoint.lisp
Symlinking /home/varsh/mybot_ws/devel/share/common-lisp/ros/mybot_description/msg/Map.lisp
Symlinking /home/varsh/mybot_ws/devel/share/common-lisp/ros/mybot_description/msg/NavigateResult.lisp
Symlinking /home/varsh/mybot_ws/devel/share/common-lisp/ros/mybot_description/msg/_package_NavigateActionResult.lisp
Symlinking /home/varsh/mybot_ws/devel/share/common-lisp/ros/mybot_description/msg/NavigateGoal.lisp
Symlinking /home/varsh/mybot_ws/devel/share/common-lisp/ros/mybot_description/msg/NavigateActionFeedback.lisp
Symlinking /home/varsh/mybot_ws/devel/share/common-lisp/ros/mybot_description/msg/NavigateFeedback.lisp
Symlinking /home/varsh/mybot_ws/devel/share/common-lisp/ros/mybot_description/msg/mybot_description-msg.asd
Symlinking /home/varsh/mybot_ws/devel/share/common-lisp/ros/mybot_description/msg/_package_NavigateResult.lisp
Symlinking /home/varsh/mybot_ws/devel/share/common-lisp/ros/mybot_description/msg/_package_Record.lisp
Symlinking /home/varsh/mybot_ws/devel/share/common-lisp/ros/mybot_description/msg/_package_Map.lisp
Symlinking /home/varsh/mybot_ws/devel/share/common-lisp/ros/mybot_description/msg/NavigateActionResult.lisp
Symlinking /home/varsh/mybot_ws/devel/share/common-lisp/ros/mybot_description/msg/_package_MapPoint.lisp
Symlinking /home/varsh/mybot_ws/devel/share/common-lisp/ros/mybot_description/msg/_package_NavigateActionGoal.lisp
Symlinking /home/varsh/mybot_ws/devel/share/common-lisp/ros/mybot_description/msg/_package_NavigateFeedback.lisp
Symlinking /home/varsh/mybot_ws/devel/share/common-lisp/ros/mybot_description/msg/NavigateAction.lisp
Symlinking /home/varsh/mybot_ws/devel/share/common-lisp/ros/mybot_description/msg/_package_NavigateActionFeedback.lisp
Symlinking /home/varsh/mybot_ws/devel/share/common-lisp/ros/mybot_description/msg/Record.lisp
Symlinking /home/varsh/mybot_ws/devel/share/common-lisp/ros/mybot_description/msg/_package_NavigateGoal.lisp
Symlinking /home/varsh/mybot_ws/devel/share/mybot_description/cmake/mybot_descriptionConfig.cmake
Symlinking /home/varsh/mybot_ws/devel/share/mybot_description/cmake/mybot_descriptionConfig-version.cmake
Symlinking /home/varsh/mybot_ws/devel/share/mybot_description/cmake/mybot_description-msg-extras.cmake
Symlinking /home/varsh/mybot_ws/devel/share/mybot_description/cmake/mybot_description-msg-paths.cmake
Symlinking /home/varsh/mybot_ws/devel/share/mybot_description/msg/NavigateAction.msg
Symlinking /home/varsh/mybot_ws/devel/share/mybot_description/msg/NavigateActionGoal.msg
Symlinking /home/varsh/mybot_ws/devel/share/mybot_description/msg/NavigateActionResult.msg
Symlinking /home/varsh/mybot_ws/devel/share/mybot_description/msg/NavigateActionFeedback.msg
Symlinking /home/varsh/mybot_ws/devel/share/mybot_description/msg/NavigateResult.msg
Symlinking /home/varsh/mybot_ws/devel/share/mybot_description/msg/NavigateGoal.msg
Symlinking /home/varsh/mybot_ws/devel/share/mybot_description/msg/NavigateFeedback.msg
