Linked: (/home/varsh/mybot_ws/devel/.private/mybot_description/lib/python2.7/dist-packages/mybot_description/__init__.py, /home/varsh/mybot_ws/devel/lib/python2.7/dist-packages/mybot_description/__init__.py)
Linked: (/home/varsh/mybot_ws/devel/.private/mybot_description/lib/python2.7/dist-packages/mybot_description/msg/_MapPoint.py, /home/varsh/mybot_ws/devel/lib/python2.7/dist-packages/mybot_description/msg/_MapPoint.py)
Linked: (/home/varsh/mybot_ws/devel/.private/mybot_description/lib/python2.7/dist-packages/mybot_description/msg/_Record.py, /home/varsh/mybot_ws/devel/lib/python2.7/dist-packages/mybot_description/msg/_Record.py)
Linked: (/home/varsh/mybot_ws/devel/.private/mybot_description/lib/python2.7/dist-packages/mybot_description/msg/_NavigateGoal.py, /home/varsh/mybot_ws/devel/lib/python2.7/dist-packages/mybot_description/msg/_NavigateGoal.py)
Linked: (/home/varsh/mybot_ws/devel/.private/mybot_description/lib/python2.7/dist-packages/mybot_description/msg/_NavigateAction.py, /home/varsh/mybot_ws/devel/lib/python2.7/dist-packages/mybot_description/msg/_NavigateAction.py)
Linked: (/home/varsh/mybot_ws/devel/.private/mybot_description/lib/python2.7/dist-packages/mybot_description/msg/_NavigateFeedback.py, /home/varsh/mybot_ws/devel/lib/python2.7/dist-packages/mybot_description/msg/_NavigateFeedback.py)
Linked: (/home/varsh/mybot_ws/devel/.private/mybot_description/lib/python2.7/dist-packages/mybot_description/msg/_NavigateActionGoal.py, /home/varsh/mybot_ws/devel/lib/python2.7/dist-packages/mybot_description/msg/_NavigateActionGoal.py)
Linked: (/home/varsh/mybot_ws/devel/.private/mybot_description/lib/python2.7/dist-packages/mybot_description/msg/_Map.py, /home/varsh/mybot_ws/devel/lib/python2.7/dist-packages/mybot_description/msg/_Map.py)
Linked: (/home/varsh/mybot_ws/devel/.private/mybot_description/lib/python2.7/dist-packages/mybot_description/msg/__init__.py, /home/varsh/mybot_ws/devel/lib/python2.7/dist-packages/mybot_description/msg/__init__.py)
Linked: (/home/varsh/mybot_ws/devel/.private/mybot_description/lib/python2.7/dist-packages/mybot_description/msg/_NavigateResult.py, /home/varsh/mybot_ws/devel/lib/python2.7/dist-packages/mybot_description/msg/_NavigateResult.py)
Linked: (/home/varsh/mybot_ws/devel/.private/mybot_description/lib/python2.7/dist-packages/mybot_description/msg/_NavigateActionResult.py, /home/varsh/mybot_ws/devel/lib/python2.7/dist-packages/mybot_description/msg/_NavigateActionResult.py)
Linked: (/home/varsh/mybot_ws/devel/.private/mybot_description/lib/python2.7/dist-packages/mybot_description/msg/_NavigateActionFeedback.py, /home/varsh/mybot_ws/devel/lib/python2.7/dist-packages/mybot_description/msg/_NavigateActionFeedback.py)
Linked: (/home/varsh/mybot_ws/devel/.private/mybot_description/lib/pkgconfig/mybot_description.pc, /home/varsh/mybot_ws/devel/lib/pkgconfig/mybot_description.pc)
Linked: (/home/varsh/mybot_ws/devel/.private/mybot_description/include/mybot_description/Record.h, /home/varsh/mybot_ws/devel/include/mybot_description/Record.h)
Linked: (/home/varsh/mybot_ws/devel/.private/mybot_description/include/mybot_description/NavigateAction.h, /home/varsh/mybot_ws/devel/include/mybot_description/NavigateAction.h)
Linked: (/home/varsh/mybot_ws/devel/.private/mybot_description/include/mybot_description/NavigateResult.h, /home/varsh/mybot_ws/devel/include/mybot_description/NavigateResult.h)
Linked: (/home/varsh/mybot_ws/devel/.private/mybot_description/include/mybot_description/NavigateActionResult.h, /home/varsh/mybot_ws/devel/include/mybot_description/NavigateActionResult.h)
Linked: (/home/varsh/mybot_ws/devel/.private/mybot_description/include/mybot_description/Map.h, /home/varsh/mybot_ws/devel/include/mybot_description/Map.h)
Linked: (/home/varsh/mybot_ws/devel/.private/mybot_description/include/mybot_description/NavigateFeedback.h, /home/varsh/mybot_ws/devel/include/mybot_description/NavigateFeedback.h)
Linked: (/home/varsh/mybot_ws/devel/.private/mybot_description/include/mybot_description/MapPoint.h, /home/varsh/mybot_ws/devel/include/mybot_description/MapPoint.h)
Linked: (/home/varsh/mybot_ws/devel/.private/mybot_description/include/mybot_description/NavigateActionFeedback.h, /home/varsh/mybot_ws/devel/include/mybot_description/NavigateActionFeedback.h)
Linked: (/home/varsh/mybot_ws/devel/.private/mybot_description/include/mybot_description/NavigateGoal.h, /home/varsh/mybot_ws/devel/include/mybot_description/NavigateGoal.h)
Linked: (/home/varsh/mybot_ws/devel/.private/mybot_description/include/mybot_description/NavigateActionGoal.h, /home/varsh/mybot_ws/devel/include/mybot_description/NavigateActionGoal.h)
Linked: (/home/varsh/mybot_ws/devel/.private/mybot_description/share/gennodejs/ros/mybot_description/_index.js, /home/varsh/mybot_ws/devel/share/gennodejs/ros/mybot_description/_index.js)
Linked: (/home/varsh/mybot_ws/devel/.private/mybot_description/share/gennodejs/ros/mybot_description/msg/NavigateActionGoal.js, /home/varsh/mybot_ws/devel/share/gennodejs/ros/mybot_description/msg/NavigateActionGoal.js)
Linked: (/home/varsh/mybot_ws/devel/.private/mybot_description/share/gennodejs/ros/mybot_description/msg/NavigateActionFeedback.js, /home/varsh/mybot_ws/devel/share/gennodejs/ros/mybot_description/msg/NavigateActionFeedback.js)
Linked: (/home/varsh/mybot_ws/devel/.private/mybot_description/share/gennodejs/ros/mybot_description/msg/NavigateAction.js, /home/varsh/mybot_ws/devel/share/gennodejs/ros/mybot_description/msg/NavigateAction.js)
Linked: (/home/varsh/mybot_ws/devel/.private/mybot_description/share/gennodejs/ros/mybot_description/msg/Map.js, /home/varsh/mybot_ws/devel/share/gennodejs/ros/mybot_description/msg/Map.js)
Linked: (/home/varsh/mybot_ws/devel/.private/mybot_description/share/gennodejs/ros/mybot_description/msg/NavigateActionResult.js, /home/varsh/mybot_ws/devel/share/gennodejs/ros/mybot_description/msg/NavigateActionResult.js)
Linked: (/home/varsh/mybot_ws/devel/.private/mybot_description/share/gennodejs/ros/mybot_description/msg/_index.js, /home/varsh/mybot_ws/devel/share/gennodejs/ros/mybot_description/msg/_index.js)
Linked: (/home/varsh/mybot_ws/devel/.private/mybot_description/share/gennodejs/ros/mybot_description/msg/NavigateResult.js, /home/varsh/mybot_ws/devel/share/gennodejs/ros/mybot_description/msg/NavigateResult.js)
Linked: (/home/varsh/mybot_ws/devel/.private/mybot_description/share/gennodejs/ros/mybot_description/msg/NavigateGoal.js, /home/varsh/mybot_ws/devel/share/gennodejs/ros/mybot_description/msg/NavigateGoal.js)
Linked: (/home/varsh/mybot_ws/devel/.private/mybot_description/share/gennodejs/ros/mybot_description/msg/NavigateFeedback.js, /home/varsh/mybot_ws/devel/share/gennodejs/ros/mybot_description/msg/NavigateFeedback.js)
Linked: (/home/varsh/mybot_ws/devel/.private/mybot_description/share/gennodejs/ros/mybot_description/msg/MapPoint.js, /home/varsh/mybot_ws/devel/share/gennodejs/ros/mybot_description/msg/MapPoint.js)
Linked: (/home/varsh/mybot_ws/devel/.private/mybot_description/share/gennodejs/ros/mybot_description/msg/Record.js, /home/varsh/mybot_ws/devel/share/gennodejs/ros/mybot_description/msg/Record.js)
Linked: (/home/varsh/mybot_ws/devel/.private/mybot_description/share/roseus/ros/mybot_description/manifest.l, /home/varsh/mybot_ws/devel/share/roseus/ros/mybot_description/manifest.l)
Linked: (/home/varsh/mybot_ws/devel/.private/mybot_description/share/roseus/ros/mybot_description/msg/MapPoint.l, /home/varsh/mybot_ws/devel/share/roseus/ros/mybot_description/msg/MapPoint.l)
Linked: (/home/varsh/mybot_ws/devel/.private/mybot_description/share/roseus/ros/mybot_description/msg/NavigateActionGoal.l, /home/varsh/mybot_ws/devel/share/roseus/ros/mybot_description/msg/NavigateActionGoal.l)
Linked: (/home/varsh/mybot_ws/devel/.private/mybot_description/share/roseus/ros/mybot_description/msg/NavigateActionResult.l, /home/varsh/mybot_ws/devel/share/roseus/ros/mybot_description/msg/NavigateActionResult.l)
Linked: (/home/varsh/mybot_ws/devel/.private/mybot_description/share/roseus/ros/mybot_description/msg/NavigateFeedback.l, /home/varsh/mybot_ws/devel/share/roseus/ros/mybot_description/msg/NavigateFeedback.l)
Linked: (/home/varsh/mybot_ws/devel/.private/mybot_description/share/roseus/ros/mybot_description/msg/NavigateActionFeedback.l, /home/varsh/mybot_ws/devel/share/roseus/ros/mybot_description/msg/NavigateActionFeedback.l)
Linked: (/home/varsh/mybot_ws/devel/.private/mybot_description/share/roseus/ros/mybot_description/msg/NavigateResult.l, /home/varsh/mybot_ws/devel/share/roseus/ros/mybot_description/msg/NavigateResult.l)
Linked: (/home/varsh/mybot_ws/devel/.private/mybot_description/share/roseus/ros/mybot_description/msg/NavigateAction.l, /home/varsh/mybot_ws/devel/share/roseus/ros/mybot_description/msg/NavigateAction.l)
Linked: (/home/varsh/mybot_ws/devel/.private/mybot_description/share/roseus/ros/mybot_description/msg/Record.l, /home/varsh/mybot_ws/devel/share/roseus/ros/mybot_description/msg/Record.l)
Linked: (/home/varsh/mybot_ws/devel/.private/mybot_description/share/roseus/ros/mybot_description/msg/Map.l, /home/varsh/mybot_ws/devel/share/roseus/ros/mybot_description/msg/Map.l)
Linked: (/home/varsh/mybot_ws/devel/.private/mybot_description/share/roseus/ros/mybot_description/msg/NavigateGoal.l, /home/varsh/mybot_ws/devel/share/roseus/ros/mybot_description/msg/NavigateGoal.l)
Linked: (/home/varsh/mybot_ws/devel/.private/mybot_description/share/common-lisp/ros/mybot_description/msg/_package.lisp, /home/varsh/mybot_ws/devel/share/common-lisp/ros/mybot_description/msg/_package.lisp)
Linked: (/home/varsh/mybot_ws/devel/.private/mybot_description/share/common-lisp/ros/mybot_description/msg/NavigateActionGoal.lisp, /home/varsh/mybot_ws/devel/share/common-lisp/ros/mybot_description/msg/NavigateActionGoal.lisp)
Linked: (/home/varsh/mybot_ws/devel/.private/mybot_description/share/common-lisp/ros/mybot_description/msg/_package_NavigateAction.lisp, /home/varsh/mybot_ws/devel/share/common-lisp/ros/mybot_description/msg/_package_NavigateAction.lisp)
Linked: (/home/varsh/mybot_ws/devel/.private/mybot_description/share/common-lisp/ros/mybot_description/msg/MapPoint.lisp, /home/varsh/mybot_ws/devel/share/common-lisp/ros/mybot_description/msg/MapPoint.lisp)
Linked: (/home/varsh/mybot_ws/devel/.private/mybot_description/share/common-lisp/ros/mybot_description/msg/Map.lisp, /home/varsh/mybot_ws/devel/share/common-lisp/ros/mybot_description/msg/Map.lisp)
Linked: (/home/varsh/mybot_ws/devel/.private/mybot_description/share/common-lisp/ros/mybot_description/msg/NavigateResult.lisp, /home/varsh/mybot_ws/devel/share/common-lisp/ros/mybot_description/msg/NavigateResult.lisp)
Linked: (/home/varsh/mybot_ws/devel/.private/mybot_description/share/common-lisp/ros/mybot_description/msg/_package_NavigateActionResult.lisp, /home/varsh/mybot_ws/devel/share/common-lisp/ros/mybot_description/msg/_package_NavigateActionResult.lisp)
Linked: (/home/varsh/mybot_ws/devel/.private/mybot_description/share/common-lisp/ros/mybot_description/msg/NavigateGoal.lisp, /home/varsh/mybot_ws/devel/share/common-lisp/ros/mybot_description/msg/NavigateGoal.lisp)
Linked: (/home/varsh/mybot_ws/devel/.private/mybot_description/share/common-lisp/ros/mybot_description/msg/NavigateActionFeedback.lisp, /home/varsh/mybot_ws/devel/share/common-lisp/ros/mybot_description/msg/NavigateActionFeedback.lisp)
Linked: (/home/varsh/mybot_ws/devel/.private/mybot_description/share/common-lisp/ros/mybot_description/msg/NavigateFeedback.lisp, /home/varsh/mybot_ws/devel/share/common-lisp/ros/mybot_description/msg/NavigateFeedback.lisp)
Linked: (/home/varsh/mybot_ws/devel/.private/mybot_description/share/common-lisp/ros/mybot_description/msg/mybot_description-msg.asd, /home/varsh/mybot_ws/devel/share/common-lisp/ros/mybot_description/msg/mybot_description-msg.asd)
Linked: (/home/varsh/mybot_ws/devel/.private/mybot_description/share/common-lisp/ros/mybot_description/msg/_package_NavigateResult.lisp, /home/varsh/mybot_ws/devel/share/common-lisp/ros/mybot_description/msg/_package_NavigateResult.lisp)
Linked: (/home/varsh/mybot_ws/devel/.private/mybot_description/share/common-lisp/ros/mybot_description/msg/_package_Record.lisp, /home/varsh/mybot_ws/devel/share/common-lisp/ros/mybot_description/msg/_package_Record.lisp)
Linked: (/home/varsh/mybot_ws/devel/.private/mybot_description/share/common-lisp/ros/mybot_description/msg/_package_Map.lisp, /home/varsh/mybot_ws/devel/share/common-lisp/ros/mybot_description/msg/_package_Map.lisp)
Linked: (/home/varsh/mybot_ws/devel/.private/mybot_description/share/common-lisp/ros/mybot_description/msg/NavigateActionResult.lisp, /home/varsh/mybot_ws/devel/share/common-lisp/ros/mybot_description/msg/NavigateActionResult.lisp)
Linked: (/home/varsh/mybot_ws/devel/.private/mybot_description/share/common-lisp/ros/mybot_description/msg/_package_MapPoint.lisp, /home/varsh/mybot_ws/devel/share/common-lisp/ros/mybot_description/msg/_package_MapPoint.lisp)
Linked: (/home/varsh/mybot_ws/devel/.private/mybot_description/share/common-lisp/ros/mybot_description/msg/_package_NavigateActionGoal.lisp, /home/varsh/mybot_ws/devel/share/common-lisp/ros/mybot_description/msg/_package_NavigateActionGoal.lisp)
Linked: (/home/varsh/mybot_ws/devel/.private/mybot_description/share/common-lisp/ros/mybot_description/msg/_package_NavigateFeedback.lisp, /home/varsh/mybot_ws/devel/share/common-lisp/ros/mybot_description/msg/_package_NavigateFeedback.lisp)
Linked: (/home/varsh/mybot_ws/devel/.private/mybot_description/share/common-lisp/ros/mybot_description/msg/NavigateAction.lisp, /home/varsh/mybot_ws/devel/share/common-lisp/ros/mybot_description/msg/NavigateAction.lisp)
Linked: (/home/varsh/mybot_ws/devel/.private/mybot_description/share/common-lisp/ros/mybot_description/msg/_package_NavigateActionFeedback.lisp, /home/varsh/mybot_ws/devel/share/common-lisp/ros/mybot_description/msg/_package_NavigateActionFeedback.lisp)
Linked: (/home/varsh/mybot_ws/devel/.private/mybot_description/share/common-lisp/ros/mybot_description/msg/Record.lisp, /home/varsh/mybot_ws/devel/share/common-lisp/ros/mybot_description/msg/Record.lisp)
Linked: (/home/varsh/mybot_ws/devel/.private/mybot_description/share/common-lisp/ros/mybot_description/msg/_package_NavigateGoal.lisp, /home/varsh/mybot_ws/devel/share/common-lisp/ros/mybot_description/msg/_package_NavigateGoal.lisp)
Linked: (/home/varsh/mybot_ws/devel/.private/mybot_description/share/mybot_description/cmake/mybot_descriptionConfig.cmake, /home/varsh/mybot_ws/devel/share/mybot_description/cmake/mybot_descriptionConfig.cmake)
Linked: (/home/varsh/mybot_ws/devel/.private/mybot_description/share/mybot_description/cmake/mybot_descriptionConfig-version.cmake, /home/varsh/mybot_ws/devel/share/mybot_description/cmake/mybot_descriptionConfig-version.cmake)
Linked: (/home/varsh/mybot_ws/devel/.private/mybot_description/share/mybot_description/cmake/mybot_description-msg-extras.cmake, /home/varsh/mybot_ws/devel/share/mybot_description/cmake/mybot_description-msg-extras.cmake)
Linked: (/home/varsh/mybot_ws/devel/.private/mybot_description/share/mybot_description/cmake/mybot_description-msg-paths.cmake, /home/varsh/mybot_ws/devel/share/mybot_description/cmake/mybot_description-msg-paths.cmake)
Linked: (/home/varsh/mybot_ws/devel/.private/mybot_description/share/mybot_description/msg/NavigateAction.msg, /home/varsh/mybot_ws/devel/share/mybot_description/msg/NavigateAction.msg)
Linked: (/home/varsh/mybot_ws/devel/.private/mybot_description/share/mybot_description/msg/NavigateActionGoal.msg, /home/varsh/mybot_ws/devel/share/mybot_description/msg/NavigateActionGoal.msg)
Linked: (/home/varsh/mybot_ws/devel/.private/mybot_description/share/mybot_description/msg/NavigateActionResult.msg, /home/varsh/mybot_ws/devel/share/mybot_description/msg/NavigateActionResult.msg)
Linked: (/home/varsh/mybot_ws/devel/.private/mybot_description/share/mybot_description/msg/NavigateActionFeedback.msg, /home/varsh/mybot_ws/devel/share/mybot_description/msg/NavigateActionFeedback.msg)
Linked: (/home/varsh/mybot_ws/devel/.private/mybot_description/share/mybot_description/msg/NavigateResult.msg, /home/varsh/mybot_ws/devel/share/mybot_description/msg/NavigateResult.msg)
Linked: (/home/varsh/mybot_ws/devel/.private/mybot_description/share/mybot_description/msg/NavigateGoal.msg, /home/varsh/mybot_ws/devel/share/mybot_description/msg/NavigateGoal.msg)
Linked: (/home/varsh/mybot_ws/devel/.private/mybot_description/share/mybot_description/msg/NavigateFeedback.msg, /home/varsh/mybot_ws/devel/share/mybot_description/msg/NavigateFeedback.msg)
