Determining if the pthread_create exist failed with the following output:
Change Dir: /home/varsh/mybot_ws/build/turtlebot3_teleop/CMakeFiles/CMakeTmp

Run Build Command:"/usr/bin/make" "cmTC_72b6a/fast"
/usr/bin/make -f CMakeFiles/cmTC_72b6a.dir/build.make CMakeFiles/cmTC_72b6a.dir/build
make[1]: Entering directory '/home/varsh/mybot_ws/build/turtlebot3_teleop/CMakeFiles/CMakeTmp'
Building C object CMakeFiles/cmTC_72b6a.dir/CheckSymbolExists.c.o
/usr/bin/cc     -o CMakeFiles/cmTC_72b6a.dir/CheckSymbolExists.c.o   -c /home/varsh/mybot_ws/build/turtlebot3_teleop/CMakeFiles/CMakeTmp/CheckSymbolExists.c
Linking C executable cmTC_72b6a
/usr/bin/cmake -E cmake_link_script CMakeFiles/cmTC_72b6a.dir/link.txt --verbose=1
/usr/bin/cc       CMakeFiles/cmTC_72b6a.dir/CheckSymbolExists.c.o  -o cmTC_72b6a -rdynamic 
CMakeFiles/cmTC_72b6a.dir/CheckSymbolExists.c.o: In function `main':
CheckSymbolExists.c:(.text+0x16): undefined reference to `pthread_create'
collect2: error: ld returned 1 exit status
CMakeFiles/cmTC_72b6a.dir/build.make:97: recipe for target 'cmTC_72b6a' failed
make[1]: *** [cmTC_72b6a] Error 1
make[1]: Leaving directory '/home/varsh/mybot_ws/build/turtlebot3_teleop/CMakeFiles/CMakeTmp'
Makefile:126: recipe for target 'cmTC_72b6a/fast' failed
make: *** [cmTC_72b6a/fast] Error 2

File /home/varsh/mybot_ws/build/turtlebot3_teleop/CMakeFiles/CMakeTmp/CheckSymbolExists.c:
/* */
#include <pthread.h>

int main(int argc, char** argv)
{
  (void)argv;
#ifndef pthread_create
  return ((int*)(&pthread_create))[argc];
#else
  (void)argc;
  return 0;
#endif
}

Determining if the function pthread_create exists in the pthreads failed with the following output:
Change Dir: /home/varsh/mybot_ws/build/turtlebot3_teleop/CMakeFiles/CMakeTmp

Run Build Command:"/usr/bin/make" "cmTC_1fe32/fast"
/usr/bin/make -f CMakeFiles/cmTC_1fe32.dir/build.make CMakeFiles/cmTC_1fe32.dir/build
make[1]: Entering directory '/home/varsh/mybot_ws/build/turtlebot3_teleop/CMakeFiles/CMakeTmp'
Building C object CMakeFiles/cmTC_1fe32.dir/CheckFunctionExists.c.o
/usr/bin/cc    -DCHECK_FUNCTION_EXISTS=pthread_create   -o CMakeFiles/cmTC_1fe32.dir/CheckFunctionExists.c.o   -c /usr/share/cmake-3.5/Modules/CheckFunctionExists.c
Linking C executable cmTC_1fe32
/usr/bin/cmake -E cmake_link_script CMakeFiles/cmTC_1fe32.dir/link.txt --verbose=1
/usr/bin/cc   -DCHECK_FUNCTION_EXISTS=pthread_create    CMakeFiles/cmTC_1fe32.dir/CheckFunctionExists.c.o  -o cmTC_1fe32 -rdynamic -lpthreads 
/usr/bin/ld: cannot find -lpthreads
collect2: error: ld returned 1 exit status
CMakeFiles/cmTC_1fe32.dir/build.make:97: recipe for target 'cmTC_1fe32' failed
make[1]: *** [cmTC_1fe32] Error 1
make[1]: Leaving directory '/home/varsh/mybot_ws/build/turtlebot3_teleop/CMakeFiles/CMakeTmp'
Makefile:126: recipe for target 'cmTC_1fe32/fast' failed
make: *** [cmTC_1fe32/fast] Error 2


