Determining if the pthread_create exist failed with the following output:
Change Dir: /home/varsh/mybot_ws/build/turtlebot3_bringup/CMakeFiles/CMakeTmp

Run Build Command:"/usr/bin/make" "cmTC_ddee4/fast"
/usr/bin/make -f CMakeFiles/cmTC_ddee4.dir/build.make CMakeFiles/cmTC_ddee4.dir/build
make[1]: Entering directory '/home/varsh/mybot_ws/build/turtlebot3_bringup/CMakeFiles/CMakeTmp'
Building C object CMakeFiles/cmTC_ddee4.dir/CheckSymbolExists.c.o
/usr/bin/cc     -o CMakeFiles/cmTC_ddee4.dir/CheckSymbolExists.c.o   -c /home/varsh/mybot_ws/build/turtlebot3_bringup/CMakeFiles/CMakeTmp/CheckSymbolExists.c
Linking C executable cmTC_ddee4
/usr/bin/cmake -E cmake_link_script CMakeFiles/cmTC_ddee4.dir/link.txt --verbose=1
/usr/bin/cc       CMakeFiles/cmTC_ddee4.dir/CheckSymbolExists.c.o  -o cmTC_ddee4 -rdynamic 
CMakeFiles/cmTC_ddee4.dir/CheckSymbolExists.c.o: In function `main':
CheckSymbolExists.c:(.text+0x16): undefined reference to `pthread_create'
collect2: error: ld returned 1 exit status
CMakeFiles/cmTC_ddee4.dir/build.make:97: recipe for target 'cmTC_ddee4' failed
make[1]: *** [cmTC_ddee4] Error 1
make[1]: Leaving directory '/home/varsh/mybot_ws/build/turtlebot3_bringup/CMakeFiles/CMakeTmp'
Makefile:126: recipe for target 'cmTC_ddee4/fast' failed
make: *** [cmTC_ddee4/fast] Error 2

File /home/varsh/mybot_ws/build/turtlebot3_bringup/CMakeFiles/CMakeTmp/CheckSymbolExists.c:
/* */
#include <pthread.h>

int main(int argc, char** argv)
{
  (void)argv;
#ifndef pthread_create
  return ((int*)(&pthread_create))[argc];
#else
  (void)argc;
  return 0;
#endif
}

Determining if the function pthread_create exists in the pthreads failed with the following output:
Change Dir: /home/varsh/mybot_ws/build/turtlebot3_bringup/CMakeFiles/CMakeTmp

Run Build Command:"/usr/bin/make" "cmTC_b8087/fast"
/usr/bin/make -f CMakeFiles/cmTC_b8087.dir/build.make CMakeFiles/cmTC_b8087.dir/build
make[1]: Entering directory '/home/varsh/mybot_ws/build/turtlebot3_bringup/CMakeFiles/CMakeTmp'
Building C object CMakeFiles/cmTC_b8087.dir/CheckFunctionExists.c.o
/usr/bin/cc    -DCHECK_FUNCTION_EXISTS=pthread_create   -o CMakeFiles/cmTC_b8087.dir/CheckFunctionExists.c.o   -c /usr/share/cmake-3.5/Modules/CheckFunctionExists.c
Linking C executable cmTC_b8087
/usr/bin/cmake -E cmake_link_script CMakeFiles/cmTC_b8087.dir/link.txt --verbose=1
/usr/bin/cc   -DCHECK_FUNCTION_EXISTS=pthread_create    CMakeFiles/cmTC_b8087.dir/CheckFunctionExists.c.o  -o cmTC_b8087 -rdynamic -lpthreads 
/usr/bin/ld: cannot find -lpthreads
collect2: error: ld returned 1 exit status
CMakeFiles/cmTC_b8087.dir/build.make:97: recipe for target 'cmTC_b8087' failed
make[1]: *** [cmTC_b8087] Error 1
make[1]: Leaving directory '/home/varsh/mybot_ws/build/turtlebot3_bringup/CMakeFiles/CMakeTmp'
Makefile:126: recipe for target 'cmTC_b8087/fast' failed
make: *** [cmTC_b8087/fast] Error 2


